<?xml version="1.0" encoding="UTF-8"?>
<testsuites>
  <testsuite name="fastlane.lanes">
    
    
    
      
      <testcase classname="fastlane.lanes" name="0: default_platform" time="0.00058849">
        
      </testcase>
    
      
      <testcase classname="fastlane.lanes" name="1: assembleRelease" time="11.821139162">
        
          <failure message="/data/data/com.termux/files/usr/lib/ruby/gems/3.2.0/gems/fastlane-2.219.0/fastlane/lib/fastlane/actions/actions_helper.rb:67:in `execute_action&apos;&#10;/data/data/com.termux/files/usr/lib/ruby/gems/3.2.0/gems/fastlane-2.219.0/fastlane/lib/fastlane/runner.rb:255:in `block in execute_action&apos;&#10;/data/data/com.termux/files/usr/lib/ruby/gems/3.2.0/gems/fastlane-2.219.0/fastlane/lib/fastlane/runner.rb:229:in `chdir&apos;&#10;/data/data/com.termux/files/usr/lib/ruby/gems/3.2.0/gems/fastlane-2.219.0/fastlane/lib/fastlane/runner.rb:229:in `execute_action&apos;&#10;/data/data/com.termux/files/usr/lib/ruby/gems/3.2.0/gems/fastlane-2.219.0/fastlane/lib/fastlane/runner.rb:157:in `trigger_action_by_name&apos;&#10;/data/data/com.termux/files/usr/lib/ruby/gems/3.2.0/gems/fastlane-2.219.0/fastlane/lib/fastlane/fast_file.rb:159:in `method_missing&apos;&#10;Fastfile:21:in `block (2 levels) in parsing_binding&apos;&#10;/data/data/com.termux/files/usr/lib/ruby/gems/3.2.0/gems/fastlane-2.219.0/fastlane/lib/fastlane/lane.rb:41:in `call&apos;&#10;/data/data/com.termux/files/usr/lib/ruby/gems/3.2.0/gems/fastlane-2.219.0/fastlane/lib/fastlane/runner.rb:49:in `block in execute&apos;&#10;/data/data/com.termux/files/usr/lib/ruby/gems/3.2.0/gems/fastlane-2.219.0/fastlane/lib/fastlane/runner.rb:45:in `chdir&apos;&#10;/data/data/com.termux/files/usr/lib/ruby/gems/3.2.0/gems/fastlane-2.219.0/fastlane/lib/fastlane/runner.rb:45:in `execute&apos;&#10;/data/data/com.termux/files/usr/lib/ruby/gems/3.2.0/gems/fastlane-2.219.0/fastlane/lib/fastlane/lane_manager.rb:46:in `cruise_lane&apos;&#10;/data/data/com.termux/files/usr/lib/ruby/gems/3.2.0/gems/fastlane-2.219.0/fastlane/lib/fastlane/command_line_handler.rb:34:in `handle&apos;&#10;/data/data/com.termux/files/usr/lib/ruby/gems/3.2.0/gems/fastlane-2.219.0/fastlane/lib/fastlane/commands_generator.rb:110:in `block (2 levels) in run&apos;&#10;/data/data/com.termux/files/usr/lib/ruby/gems/3.2.0/gems/commander-4.6.0/lib/commander/command.rb:187:in `call&apos;&#10;/data/data/com.termux/files/usr/lib/ruby/gems/3.2.0/gems/commander-4.6.0/lib/commander/command.rb:157:in `run&apos;&#10;/data/data/com.termux/files/usr/lib/ruby/gems/3.2.0/gems/commander-4.6.0/lib/commander/runner.rb:444:in `run_active_command&apos;&#10;/data/data/com.termux/files/usr/lib/ruby/gems/3.2.0/gems/fastlane-2.219.0/fastlane_core/lib/fastlane_core/ui/fastlane_runner.rb:124:in `run!&apos;&#10;/data/data/com.termux/files/usr/lib/ruby/gems/3.2.0/gems/commander-4.6.0/lib/commander/delegates.rb:18:in `run!&apos;&#10;/data/data/com.termux/files/usr/lib/ruby/gems/3.2.0/gems/fastlane-2.219.0/fastlane/lib/fastlane/commands_generator.rb:354:in `run&apos;&#10;/data/data/com.termux/files/usr/lib/ruby/gems/3.2.0/gems/fastlane-2.219.0/fastlane/lib/fastlane/commands_generator.rb:43:in `start&apos;&#10;/data/data/com.termux/files/usr/lib/ruby/gems/3.2.0/gems/fastlane-2.219.0/fastlane/lib/fastlane/cli_tools_distributor.rb:123:in `take_off&apos;&#10;/data/data/com.termux/files/usr/lib/ruby/gems/3.2.0/gems/fastlane-2.219.0/bin/fastlane:23:in `&lt;top (required)&gt;&apos;&#10;/data/data/com.termux/files/usr/bin/fastlane:25:in `load&apos;&#10;/data/data/com.termux/files/usr/bin/fastlane:25:in `&lt;main&gt;&apos;&#10;&#10;Exit status of command &apos;/data/data/com.termux/files/home/dna-payletter/gradlew assembleRelease -p .&apos; was 1 instead of 0.&#10;&gt; Task :app:buildKotlinToolingMetadata&#10;&gt; Task :app:preBuild UP-TO-DATE&#10;&gt; Task :app:preReleaseBuild UP-TO-DATE&#10;&gt; Task :app:checkReleaseAarMetadata&#10;&gt; Task :app:generateReleaseResValues&#10;&gt; Task :app:mapReleaseSourceSetPaths&#10;&gt; Task :app:generateReleaseResources&#10;&gt; Task :app:mergeReleaseResources&#10;&gt; Task :app:packageReleaseResources&#10;&gt; Task :app:createReleaseCompatibleScreenManifests&#10;&gt; Task :app:parseReleaseLocalResources&#10;&gt; Task :app:extractDeepLinksRelease&#10;&gt; Task :app:processReleaseMainManifest&#10;&gt; Task :app:processReleaseManifest&#10;&gt; Task :app:javaPreCompileRelease&#10;&gt; Task :app:extractProguardFiles&#10;&gt; Task :app:mergeReleaseJniLibFolders&#10;&gt; Task :app:mergeReleaseNativeLibs NO-SOURCE&#10;&gt; Task :app:stripReleaseDebugSymbols NO-SOURCE&#10;&gt; Task :app:extractReleaseNativeSymbolTables NO-SOURCE&#10;&gt; Task :app:mergeReleaseNativeDebugMetadata NO-SOURCE&#10;&gt; Task :app:desugarReleaseFileDependencies&#10;&gt; Task :app:mergeReleaseArtProfile UP-TO-DATE&#10;&gt; Task :app:mergeReleaseShaders&#10;&gt; Task :app:compileReleaseShaders NO-SOURCE&#10;&gt; Task :app:generateReleaseAssets UP-TO-DATE&#10;&gt; Task :app:checkReleaseDuplicateClasses&#10;&gt; Task :app:mergeReleaseAssets&#10;&gt; Task :app:compressReleaseAssets&#10;&gt; Task :app:collectReleaseDependencies&#10;&gt; Task :app:sdkReleaseDependencyData&#10;&gt; Task :app:writeReleaseAppMetadata&#10;&gt; Task :app:writeReleaseSigningConfigVersions&#10;&gt; Task :app:processReleaseManifestForPackage&#10;&gt; Task :app:processReleaseResources FAILED&#10;&gt; Task :app:mergeExtDexRelease&#10;&#10;FAILURE: Build failed with an exception.&#10;&#10;* What went wrong:&#10;Execution failed for task &apos;:app:processReleaseResources&apos;.&#10;&gt; Could not resolve all files for configuration &apos;:app:releaseRuntimeClasspath&apos;.&#10;   &gt; Failed to transform material3-1.1.1.aar (androidx.compose.material3:material3:1.1.1) to match attributes {artifactType=android-compiled-dependencies-resources, org.gradle.category=library, org.gradle.dependency.bundling=external, org.gradle.libraryelements=aar, org.gradle.status=release, org.gradle.usage=java-runtime}.&#10;      &gt; Execution failed for AarResourcesCompilerTransform: /data/data/com.termux/files/home/.gradle/caches/transforms-3/851b1454b9278ee1fa19f99bc16840b9/transformed/material3-1.1.1.&#10;         &gt; /data/data/com.termux/files/home/.gradle/caches/transforms-3/851b1454b9278ee1fa19f99bc16840b9/transformed/material3-1.1.1/AndroidManifest.xml&#10;   &gt; Failed to transform activity-1.7.0.aar (androidx.activity:activity:1.7.0) to match attributes {artifactType=android-compiled-dependencies-resources, org.gradle.category=library, org.gradle.dependency.bundling=external, org.gradle.libraryelements=aar, org.gradle.status=release, org.gradle.usage=java-runtime}.&#10;      &gt; Execution failed for AarResourcesCompilerTransform: /data/data/com.termux/files/home/.gradle/caches/transforms-3/ff24fa64e26068177c722e86cd442f06/transformed/activity-1.7.0.&#10;         &gt; /data/data/com.termux/files/home/.gradle/caches/transforms-3/ff24fa64e26068177c722e86cd442f06/transformed/activity-1.7.0/AndroidManifest.xml&#10;   &gt; Failed to transform activity-compose-1.7.0.aar (androidx.activity:activity-compose:1.7.0) to match attributes {artifactType=android-compiled-dependencies-resources, org.gradle.category=library, org.gradle.dependency.bundling=external, org.gradle.libraryelements=aar, org.gradle.status=release, org.gradle.usage=java-runtime}.&#10;      &gt; Execution failed for AarResourcesCompilerTransform: /data/data/com.termux/files/home/.gradle/caches/transforms-3/ad1ed9ee46423d1b4312af96f7d16702/transformed/activity-compose-1.7.0.&#10;         &gt; /data/data/com.termux/files/home/.gradle/caches/transforms-3/ad1ed9ee46423d1b4312af96f7d16702/transformed/activity-compose-1.7.0/AndroidManifest.xml&#10;   &gt; Failed to transform animation-core-release.aar (androidx.compose.animation:animation-core-android:1.5.0) to match attributes {artifactType=android-compiled-dependencies-resources, org.gradle.category=library, org.gradle.status=release, org.gradle.usage=java-runtime, org.jetbrains.kotlin.platform.type=androidJvm}.&#10;      &gt; Execution failed for AarResourcesCompilerTransform: /data/data/com.termux/files/home/.gradle/caches/transforms-3/1d386d7a31f4788f183dac7cc1a30cfd/transformed/animation-core-release.&#10;         &gt; /data/data/com.termux/files/home/.gradle/caches/transforms-3/1d386d7a31f4788f183dac7cc1a30cfd/transformed/animation-core-release/AndroidManifest.xml&#10;   &gt; Failed to transform material-icons-core-release.aar (androidx.compose.material:material-icons-core-android:1.5.0) to match attributes {artifactType=android-compiled-dependencies-resources, org.gradle.category=library, org.gradle.status=release, org.gradle.usage=java-runtime, org.jetbrains.kotlin.platform.type=androidJvm}.&#10;      &gt; Execution failed for AarResourcesCompilerTransform: /data/data/com.termux/files/home/.gradle/caches/transforms-3/eeda0127dd04b54933a87e8dac1269f2/transformed/material-icons-core-release.&#10;         &gt; /data/data/com.termux/files/home/.gradle/caches/transforms-3/eeda0127dd04b54933a87e8dac1269f2/transformed/material-icons-core-release/AndroidManifest.xml&#10;   &gt; Failed to transform material-ripple-release.aar (androidx.compose.material:material-ripple-android:1.5.0) to match attributes {artifactType=android-compiled-dependencies-resources, org.gradle.category=library, org.gradle.status=release, org.gradle.usage=java-runtime, org.jetbrains.kotlin.platform.type=androidJvm}.&#10;      &gt; Execution failed for AarResourcesCompilerTransform: /data/data/com.termux/files/home/.gradle/caches/transforms-3/4c0413217903b20bdf03cddf8b64790a/transformed/material-ripple-release.&#10;         &gt; /data/data/com.termux/files/home/.gradle/caches/transforms-3/4c0413217903b20bdf03cddf8b64790a/transformed/material-ripple-release/AndroidManifest.xml&#10;   &gt; Failed to transform animation-release.aar (androidx.compose.animation:animation-android:1.5.0) to match attributes {artifactType=android-compiled-dependencies-resources, org.gradle.category=library, org.gradle.status=release, org.gradle.usage=java-runtime, org.jetbrains.kotlin.platform.type=androidJvm}.&#10;      &gt; Execution failed for AarResourcesCompilerTransform: /data/data/com.termux/files/home/.gradle/caches/transforms-3/24fc87800663fa6277bc351eaf421c4a/transformed/animation-release.&#10;         &gt; /data/data/com.termux/files/home/.gradle/caches/transforms-3/24fc87800663fa6277bc351eaf421c4a/transformed/animation-release/AndroidManifest.xml&#10;   &gt; Failed to transform foundation-layout-release.aar (androidx.compose.foundation:foundation-layout-android:1.5.0) to match attributes {artifactType=android-compiled-dependencies-resources, org.gradle.category=library, org.gradle.status=release, org.gradle.usage=java-runtime, org.jetbrains.kotlin.platform.type=androidJvm}.&#10;      &gt; Execution failed for AarResourcesCompilerTransform: /data/data/com.termux/files/home/.gradle/caches/transforms-3/c373849cf7bd5667eea68f329e09f219/transformed/foundation-layout-release.&#10;         &gt; /data/data/com.termux/files/home/.gradle/caches/transforms-3/c373849cf7bd5667eea68f329e09f219/transformed/foundation-layout-release/AndroidManifest.xml&#10;   &gt; Failed to transform foundation-release.aar (androidx.compose.foundation:foundation-android:1.5.0) to match attributes {artifactType=android-compiled-dependencies-resources, org.gradle.category=library, org.gradle.status=release, org.gradle.usage=java-runtime, org.jetbrains.kotlin.platform.type=androidJvm}.&#10;      &gt; Execution failed for AarResourcesCompilerTransform: /data/data/com.termux/files/home/.gradle/caches/transforms-3/cb7ca9c5a2eeaeb4fe2c902520aa50c8/transformed/foundation-release.&#10;         &gt; /data/data/com.termux/files/home/.gradle/caches/transforms-3/cb7ca9c5a2eeaeb4fe2c902520aa50c8/transformed/foundation-release/AndroidManifest.xml&#10;   &gt; Failed to transform ui-unit-release.aar (androidx.compose.ui:ui-unit-android:1.5.0) to match attributes {artifactType=android-compiled-dependencies-resources, org.gradle.category=library, org.gradle.status=release, org.gradle.usage=java-runtime, org.jetbrains.kotlin.platform.type=androidJvm}.&#10;      &gt; Execution failed for AarResourcesCompilerTransform: /data/data/com.termux/files/home/.gradle/caches/transforms-3/41480771066912115f495ae565fe0ea4/transformed/ui-unit-release.&#10;         &gt; /data/data/com.termux/files/home/.gradle/caches/transforms-3/41480771066912115f495ae565fe0ea4/transformed/ui-unit-release/AndroidManifest.xml&#10;   &gt; Failed to transform ui-geometry-release.aar (androidx.compose.ui:ui-geometry-android:1.5.0) to match attributes {artifactType=android-compiled-dependencies-resources, org.gradle.category=library, org.gradle.status=release, org.gradle.usage=java-runtime, org.jetbrains.kotlin.platform.type=androidJvm}.&#10;      &gt; Execution failed for AarResourcesCompilerTransform: /data/data/com.termux/files/home/.gradle/caches/transforms-3/c44f82bedf63662f9412666c8c5f695f/transformed/ui-geometry-release.&#10;         &gt; /data/data/com.termux/files/home/.gradle/caches/transforms-3/c44f82bedf63662f9412666c8c5f695f/transformed/ui-geometry-release/AndroidManifest.xml&#10;   &gt; Failed to transform ui-util-release.aar (androidx.compose.ui:ui-util-android:1.5.0) to match attributes {artifactType=android-compiled-dependencies-resources, org.gradle.category=library, org.gradle.status=release, org.gradle.usage=java-runtime, org.jetbrains.kotlin.platform.type=androidJvm}.&#10;      &gt; Execution failed for AarResourcesCompilerTransform: /data/data/com.termux/files/home/.gradle/caches/transforms-3/4033d13fd3db530a7f6a8f55e95492ba/transformed/ui-util-release.&#10;         &gt; /data/data/com.termux/files/home/.gradle/caches/transforms-3/4033d13fd3db530a7f6a8f55e95492ba/transformed/ui-util-release/AndroidManifest.xml&#10;   &gt; Failed to transform ui-text-release.aar (androidx.compose.ui:ui-text-android:1.5.0) to match attributes {artifactType=android-compiled-dependencies-resources, org.gradle.category=library, org.gradle.status=release, org.gradle.usage=java-runtime, org.jetbrains.kotlin.platform.type=androidJvm}.&#10;      &gt; Execution failed for AarResourcesCompilerTransform: /data/data/com.termux/files/home/.gradle/caches/transforms-3/2b8f8c0353b4a0b48c13fc707be2c777/transformed/ui-text-release.&#10;         &gt; /data/data/com.termux/files/home/.gradle/caches/transforms-3/2b8f8c0353b4a0b48c13fc707be2c777/transformed/ui-text-release/AndroidManifest.xml&#10;   &gt; Failed to transform ui-tooling-preview-release.aar (androidx.compose.ui:ui-tooling-preview-android:1.5.0) to match attributes {artifactType=android-compiled-dependencies-resources, org.gradle.category=library, org.gradle.status=release, org.gradle.usage=java-runtime, org.jetbrains.kotlin.platform.type=androidJvm}.&#10;      &gt; Execution failed for AarResourcesCompilerTransform: /data/data/com.termux/files/home/.gradle/caches/transforms-3/0cc87cde6e4e3814b3c1fa23e741f32b/transformed/ui-tooling-preview-release.&#10;         &gt; /data/data/com.termux/files/home/.gradle/caches/transforms-3/0cc87cde6e4e3814b3c1fa23e741f32b/transformed/ui-tooling-preview-release/AndroidManifest.xml&#10;   &gt; Failed to transform ui-graphics-release.aar (androidx.compose.ui:ui-graphics-android:1.5.0) to match attributes {artifactType=android-compiled-dependencies-resources, org.gradle.category=library, org.gradle.status=release, org.gradle.usage=java-runtime, org.jetbrains.kotlin.platform.type=androidJvm}.&#10;      &gt; Execution failed for AarResourcesCompilerTransform: /data/data/com.termux/files/home/.gradle/caches/transforms-3/9d5f9fecfc7c2a02dcd51bf66764d020/transformed/ui-graphics-release.&#10;         &gt; /data/data/com.termux/files/home/.gradle/caches/transforms-3/9d5f9fecfc7c2a02dcd51bf66764d020/transformed/ui-graphics-release/AndroidManifest.xml&#10;   &gt; Failed to transform ui-release.aar (androidx.compose.ui:ui-android:1.5.0) to match attributes {artifactType=android-compiled-dependencies-resources, org.gradle.category=library, org.gradle.status=release, org.gradle.usage=java-runtime, org.jetbrains.kotlin.platform.type=androidJvm}.&#10;      &gt; Execution failed for AarResourcesCompilerTransform: /data/data/com.termux/files/home/.gradle/caches/transforms-3/8b4d8094a40fc086813d976fc8644925/transformed/ui-release.&#10;         &gt; /data/data/com.termux/files/home/.gradle/caches/transforms-3/8b4d8094a40fc086813d976fc8644925/transformed/ui-release/AndroidManifest.xml&#10;   &gt; Failed to transform activity-ktx-1.7.0.aar (androidx.activity:activity-ktx:1.7.0) to match attributes {artifactType=android-compiled-dependencies-resources, org.gradle.category=library, org.gradle.dependency.bundling=external, org.gradle.libraryelements=aar, org.gradle.status=release, org.gradle.usage=java-runtime}.&#10;      &gt; Execution failed for AarResourcesCompilerTransform: /data/data/com.termux/files/home/.gradle/caches/transforms-3/b2d302c8a654fb1b8ba69ae97201e4bf/transformed/activity-ktx-1.7.0.&#10;         &gt; /data/data/com.termux/files/home/.gradle/caches/transforms-3/b2d302c8a654fb1b8ba69ae97201e4bf/transformed/activity-ktx-1.7.0/AndroidManifest.xml&#10;   &gt; Failed to transform customview-poolingcontainer-1.0.0.aar (androidx.customview:customview-poolingcontainer:1.0.0) to match attributes {artifactType=android-compiled-dependencies-resources, org.gradle.category=library, org.gradle.dependency.bundling=external, org.gradle.libraryelements=aar, org.gradle.status=release, org.gradle.usage=java-runtime}.&#10;      &gt; Execution failed for AarResourcesCompilerTransform: /data/data/com.termux/files/home/.gradle/caches/transforms-3/42c74cdf7c8fbd7322950457d61c45a6/transformed/customview-poolingcontainer-1.0.0.&#10;         &gt; /data/data/com.termux/files/home/.gradle/caches/transforms-3/42c74cdf7c8fbd7322950457d61c45a6/transformed/customview-poolingcontainer-1.0.0/AndroidManifest.xml&#10;   &gt; Failed to transform firebase-analytics-21.5.0.aar (com.google.firebase:firebase-analytics:21.5.0) to match attributes {artifactType=android-compiled-dependencies-resources, org.gradle.category=library, org.gradle.libraryelements=jar, org.gradle.status=release, org.gradle.usage=java-runtime}.&#10;      &gt; Execution failed for AarResourcesCompilerTransform: /data/data/com.termux/files/home/.gradle/caches/transforms-3/98e7c9a42c6328f1c8a9e0c7788061a1/transformed/firebase-analytics-21.5.0.&#10;         &gt; /data/data/com.termux/files/home/.gradle/caches/transforms-3/98e7c9a42c6328f1c8a9e0c7788061a1/transformed/firebase-analytics-21.5.0/AndroidManifest.xml&#10;   &gt; Failed to transform play-services-measurement-21.5.0.aar (com.google.android.gms:play-services-measurement:21.5.0) to match attributes {artifactType=android-compiled-dependencies-resources, org.gradle.status=release}.&#10;      &gt; Execution failed for AarResourcesCompilerTransform: /data/data/com.termux/files/home/.gradle/caches/transforms-3/9ebcdec15d345ed13c5229082e1f1566/transformed/play-services-measurement-21.5.0.&#10;         &gt; /data/data/com.termux/files/home/.gradle/caches/transforms-3/9ebcdec15d345ed13c5229082e1f1566/transformed/play-services-measurement-21.5.0/AndroidManifest.xml&#10;   &gt; Failed to transform play-services-measurement-sdk-21.5.0.aar (com.google.android.gms:play-services-measurement-sdk:21.5.0) to match attributes {artifactType=android-compiled-dependencies-resources, org.gradle.status=release}.&#10;      &gt; Execution failed for AarResourcesCompilerTransform: /data/data/com.termux/files/home/.gradle/caches/transforms-3/5b0a54094239a9c8109b63d9ca2e0733/transformed/play-services-measurement-sdk-21.5.0.&#10;         &gt; /data/data/com.termux/files/home/.gradle/caches/transforms-3/5b0a54094239a9c8109b63d9ca2e0733/transformed/play-services-measurement-sdk-21.5.0/AndroidManifest.xml&#10;   &gt; Failed to transform play-services-measurement-impl-21.5.0.aar (com.google.android.gms:play-services-measurement-impl:21.5.0) to match attributes {artifactType=android-compiled-dependencies-resources, org.gradle.status=release}.&#10;      &gt; Execution failed for AarResourcesCompilerTransform: /data/data/com.termux/files/home/.gradle/caches/transforms-3/2d2f0be02eca058788e9b1cbff78fad6/transformed/play-services-measurement-impl-21.5.0.&#10;         &gt; /data/data/com.termux/files/home/.gradle/caches/transforms-3/2d2f0be02eca058788e9b1cbff78fad6/transformed/play-services-measurement-impl-21.5.0/AndroidManifest.xml&#10;   &gt; Failed to transform play-services-measurement-impl-21.5.0.aar (com.google.android.gms:play-services-measurement-impl:21.5.0) to match attributes {artifactType=android-compiled-dependencies-resources, org.gradle.status=release}.&#10;      &gt; Execution failed for AarResourcesCompilerTransform: /data/data/com.termux/files/home/.gradle/caches/transforms-3/2d2f0be02eca058788e9b1cbff78fad6/transformed/play-services-measurement-impl-21.5.0.&#10;         &gt; /data/data/com.termux/files/home/.gradle/caches/transforms-3/2d2f0be02eca058788e9b1cbff78fad6/transformed/play-services-measurement-impl-21.5.0/AndroidManifest.xml&#10;   &gt; Failed to transform play-services-stats-17.0.2.aar (com.google.android.gms:play-services-stats:17.0.2) to match attributes {artifactType=android-compiled-dependencies-resources, org.gradle.status=release}.&#10;      &gt; Execution failed for AarResourcesCompilerTransform: /data/data/com.termux/files/home/.gradle/caches/transforms-3/49ed4d6f285925ea32c8d3e06b72af34/transformed/play-services-stats-17.0.2.&#10;         &gt; /data/data/com.termux/files/home/.gradle/caches/transforms-3/49ed4d6f285925ea32c8d3e06b72af34/transformed/play-services-stats-17.0.2/AndroidManifest.xml&#10;   &gt; Failed to transform play-services-stats-17.0.2.aar (com.google.android.gms:play-services-stats:17.0.2) to match attributes {artifactType=android-compiled-dependencies-resources, org.gradle.status=release}.&#10;      &gt; Execution failed for AarResourcesCompilerTransform: /data/data/com.termux/files/home/.gradle/caches/transforms-3/49ed4d6f285925ea32c8d3e06b72af34/transformed/play-services-stats-17.0.2.&#10;         &gt; /data/data/com.termux/files/home/.gradle/caches/transforms-3/49ed4d6f285925ea32c8d3e06b72af34/transformed/play-services-stats-17.0.2/AndroidManifest.xml&#10;   &gt; Failed to transform play-services-measurement-api-21.5.0.aar (com.google.android.gms:play-services-measurement-api:21.5.0) to match attributes {artifactType=android-compiled-dependencies-resources, org.gradle.status=release}.&#10;      &gt; Execution failed for AarResourcesCompilerTransform: /data/data/com.termux/files/home/.gradle/caches/transforms-3/2d61666d1f4ea3963d457f1c93f87db8/transformed/play-services-measurement-api-21.5.0.&#10;         &gt; /data/data/com.termux/files/home/.gradle/caches/transforms-3/2d61666d1f4ea3963d457f1c93f87db8/transformed/play-services-measurement-api-21.5.0/AndroidManifest.xml&#10;   &gt; Failed to transform play-services-ads-identifier-18.0.0.aar (com.google.android.gms:play-services-ads-identifier:18.0.0) to match attributes {artifactType=android-compiled-dependencies-resources, org.gradle.status=release}.&#10;      &gt; Execution failed for AarResourcesCompilerTransform: /data/data/com.termux/files/home/.gradle/caches/transforms-3/e4c98b65b99f390e7180a4eadb8ac984/transformed/play-services-ads-identifier-18.0.0.&#10;         &gt; /data/data/com.termux/files/home/.gradle/caches/transforms-3/e4c98b65b99f390e7180a4eadb8ac984/transformed/play-services-ads-identifier-18.0.0/AndroidManifest.xml&#10;   &gt; Failed to transform play-services-ads-identifier-18.0.0.aar (com.google.android.gms:play-services-ads-identifier:18.0.0) to match attributes {artifactType=android-compiled-dependencies-resources, org.gradle.status=release}.&#10;      &gt; Execution failed for AarResourcesCompilerTransform: /data/data/com.termux/files/home/.gradle/caches/transforms-3/e4c98b65b99f390e7180a4eadb8ac984/transformed/play-services-ads-identifier-18.0.0.&#10;         &gt; /data/data/com.termux/files/home/.gradle/caches/transforms-3/e4c98b65b99f390e7180a4eadb8ac984/transformed/play-services-ads-identifier-18.0.0/AndroidManifest.xml&#10;   &gt; Failed to transform play-services-ads-identifier-18.0.0.aar (com.google.android.gms:play-services-ads-identifier:18.0.0) to match attributes {artifactType=android-compiled-dependencies-resources, org.gradle.status=release}.&#10;      &gt; Execution failed for AarResourcesCompilerTransform: /data/data/com.termux/files/home/.gradle/caches/transforms-3/e4c98b65b99f390e7180a4eadb8ac984/transformed/play-services-ads-identifier-18.0.0.&#10;         &gt; /data/data/com.termux/files/home/.gradle/caches/transforms-3/e4c98b65b99f390e7180a4eadb8ac984/transformed/play-services-ads-identifier-18.0.0/AndroidManifest.xml&#10;   &gt; Failed to transform play-services-measurement-sdk-api-21.5.0.aar (com.google.android.gms:play-services-measurement-sdk-api:21.5.0) to match attributes {artifactType=android-compiled-dependencies-resources, org.gradle.status=release}.&#10;      &gt; Execution failed for AarResourcesCompilerTransform: /data/data/com.termux/files/home/.gradle/caches/transforms-3/239a9dd707d294f66fa640a43ecf771d/transformed/play-services-measurement-sdk-api-21.5.0.&#10;         &gt; /data/data/com.termux/files/home/.gradle/caches/transforms-3/239a9dd707d294f66fa640a43ecf771d/transformed/play-services-measurement-sdk-api-21.5.0/AndroidManifest.xml&#10;   &gt; Failed to transform play-services-measurement-base-21.5.0.aar (com.google.android.gms:play-services-measurement-base:21.5.0) to match attributes {artifactType=android-compiled-dependencies-resources, org.gradle.status=release}.&#10;      &gt; Execution failed for AarResourcesCompilerTransform: /data/data/com.termux/files/home/.gradle/caches/transforms-3/f033c3309de9f33d477580dc7eeb4726/transformed/play-services-measurement-base-21.5.0.&#10;         &gt; /data/data/com.termux/files/home/.gradle/caches/transforms-3/f033c3309de9f33d477580dc7eeb4726/transformed/play-services-measurement-base-21.5.0/AndroidManifest.xml&#10;   &gt; Failed to transform play-services-measurement-base-21.5.0.aar (com.google.android.gms:play-services-measurement-base:21.5.0) to match attributes {artifactType=android-compiled-dependencies-resources, org.gradle.status=release}.&#10;      &gt; Execution failed for AarResourcesCompilerTransform: /data/data/com.termux/files/home/.gradle/caches/transforms-3/f033c3309de9f33d477580dc7eeb4726/transformed/play-services-measurement-base-21.5.0.&#10;         &gt; /data/data/com.termux/files/home/.gradle/caches/transforms-3/f033c3309de9f33d477580dc7eeb4726/transformed/play-services-measurement-base-21.5.0/AndroidManifest.xml&#10;   &gt; Failed to transform play-services-measurement-base-21.5.0.aar (com.google.android.gms:play-services-measurement-base:21.5.0) to match attributes {artifactType=android-compiled-dependencies-resources, org.gradle.status=release}.&#10;      &gt; Execution failed for AarResourcesCompilerTransform: /data/data/com.termux/files/home/.gradle/caches/transforms-3/f033c3309de9f33d477580dc7eeb4726/transformed/play-services-measurement-base-21.5.0.&#10;         &gt; /data/data/com.termux/files/home/.gradle/caches/transforms-3/f033c3309de9f33d477580dc7eeb4726/transformed/play-services-measurement-base-21.5.0/AndroidManifest.xml&#10;   &gt; Failed to transform play-services-measurement-base-21.5.0.aar (com.google.android.gms:play-services-measurement-base:21.5.0) to match attributes {artifactType=android-compiled-dependencies-resources, org.gradle.status=release}.&#10;      &gt; Execution failed for AarResourcesCompilerTransform: /data/data/com.termux/files/home/.gradle/caches/transforms-3/f033c3309de9f33d477580dc7eeb4726/transformed/play-services-measurement-base-21.5.0.&#10;         &gt; /data/data/com.termux/files/home/.gradle/caches/transforms-3/f033c3309de9f33d477580dc7eeb4726/transformed/play-services-measurement-base-21.5.0/AndroidManifest.xml&#10;   &gt; Failed to transform play-services-measurement-base-21.5.0.aar (com.google.android.gms:play-services-measurement-base:21.5.0) to match attributes {artifactType=android-compiled-dependencies-resources, org.gradle.status=release}.&#10;      &gt; Execution failed for AarResourcesCompilerTransform: /data/data/com.termux/files/home/.gradle/caches/transforms-3/f033c3309de9f33d477580dc7eeb4726/transformed/play-services-measurement-base-21.5.0.&#10;         &gt; /data/data/com.termux/files/home/.gradle/caches/transforms-3/f033c3309de9f33d477580dc7eeb4726/transformed/play-services-measurement-base-21.5.0/AndroidManifest.xml&#10;   &gt; Failed to transform firebase-measurement-connector-19.0.0.aar (com.google.firebase:firebase-measurement-connector:19.0.0) to match attributes {artifactType=android-compiled-dependencies-resources, org.gradle.status=release}.&#10;      &gt; Execution failed for AarResourcesCompilerTransform: /data/data/com.termux/files/home/.gradle/caches/transforms-3/61e1e87b52f52aae60a7b41dd8507017/transformed/firebase-measurement-connector-19.0.0.&#10;         &gt; /data/data/com.termux/files/home/.gradle/caches/transforms-3/61e1e87b52f52aae60a7b41dd8507017/transformed/firebase-measurement-connector-19.0.0/AndroidManifest.xml&#10;   &gt; Failed to transform firebase-installations-17.2.0.aar (com.google.firebase:firebase-installations:17.2.0) to match attributes {artifactType=android-compiled-dependencies-resources, org.gradle.status=release}.&#10;      &gt; Execution failed for AarResourcesCompilerTransform: /data/data/com.termux/files/home/.gradle/caches/transforms-3/8f0be3c89d698df8da80f31805e8a287/transformed/firebase-installations-17.2.0.&#10;         &gt; /data/data/com.termux/files/home/.gradle/caches/transforms-3/8f0be3c89d698df8da80f31805e8a287/transformed/firebase-installations-17.2.0/AndroidManifest.xml&#10;   &gt; Failed to transform firebase-common-ktx-20.4.2.aar (com.google.firebase:firebase-common-ktx:20.4.2) to match attributes {artifactType=android-compiled-dependencies-resources, org.gradle.status=release}.&#10;      &gt; Execution failed for AarResourcesCompilerTransform: /data/data/com.termux/files/home/.gradle/caches/transforms-3/e549d1b1f79cbb094765a39055565051/transformed/firebase-common-ktx-20.4.2.&#10;         &gt; /data/data/com.termux/files/home/.gradle/caches/transforms-3/e549d1b1f79cbb094765a39055565051/transformed/firebase-common-ktx-20.4.2/AndroidManifest.xml&#10;   &gt; Failed to transform firebase-common-ktx-20.4.2.aar (com.google.firebase:firebase-common-ktx:20.4.2) to match attributes {artifactType=android-compiled-dependencies-resources, org.gradle.status=release}.&#10;      &gt; Execution failed for AarResourcesCompilerTransform: /data/data/com.termux/files/home/.gradle/caches/transforms-3/e549d1b1f79cbb094765a39055565051/transformed/firebase-common-ktx-20.4.2.&#10;         &gt; /data/data/com.termux/files/home/.gradle/caches/transforms-3/e549d1b1f79cbb094765a39055565051/transformed/firebase-common-ktx-20.4.2/AndroidManifest.xml&#10;   &gt; Failed to transform firebase-common-20.4.2.aar (com.google.firebase:firebase-common:20.4.2) to match attributes {artifactType=android-compiled-dependencies-resources, org.gradle.status=release}.&#10;      &gt; Execution failed for AarResourcesCompilerTransform: /data/data/com.termux/files/home/.gradle/caches/transforms-3/ad4ca50b02769f684f7e177cc6ef2ca2/transformed/firebase-common-20.4.2.&#10;         &gt; /data/data/com.termux/files/home/.gradle/caches/transforms-3/ad4ca50b02769f684f7e177cc6ef2ca2/transformed/firebase-common-20.4.2/AndroidManifest.xml&#10;   &gt; Failed to transform firebase-common-20.4.2.aar (com.google.firebase:firebase-common:20.4.2) to match attributes {artifactType=android-compiled-dependencies-resources, org.gradle.status=release}.&#10;      &gt; Execution failed for AarResourcesCompilerTransform: /data/data/com.termux/files/home/.gradle/caches/transforms-3/ad4ca50b02769f684f7e177cc6ef2ca2/transformed/firebase-common-20.4.2.&#10;         &gt; /data/data/com.termux/files/home/.gradle/caches/transforms-3/ad4ca50b02769f684f7e177cc6ef2ca2/transformed/firebase-common-20.4.2/AndroidManifest.xml&#10;   &gt; Failed to transform firebase-common-20.4.2.aar (com.google.firebase:firebase-common:20.4.2) to match attributes {artifactType=android-compiled-dependencies-resources, org.gradle.status=release}.&#10;      &gt; Execution failed for AarResourcesCompilerTransform: /data/data/com.termux/files/home/.gradle/caches/transforms-3/ad4ca50b02769f684f7e177cc6ef2ca2/transformed/firebase-common-20.4.2.&#10;         &gt; /data/data/com.termux/files/home/.gradle/caches/transforms-3/ad4ca50b02769f684f7e177cc6ef2ca2/transformed/firebase-common-20.4.2/AndroidManifest.xml&#10;   &gt; Failed to transform runtime-saveable-release.aar (androidx.compose.runtime:runtime-saveable-android:1.5.0) to match attributes {artifactType=android-compiled-dependencies-resources, org.gradle.category=library, org.gradle.status=release, org.gradle.usage=java-runtime, org.jetbrains.kotlin.platform.type=androidJvm}.&#10;      &gt; Execution failed for AarResourcesCompilerTransform: /data/data/com.termux/files/home/.gradle/caches/transforms-3/01a092483d9fddde9b09686d3a768530/transformed/runtime-saveable-release.&#10;         &gt; /data/data/com.termux/files/home/.gradle/caches/transforms-3/01a092483d9fddde9b09686d3a768530/transformed/runtime-saveable-release/AndroidManifest.xml&#10;   &gt; Failed to transform runtime-release.aar (androidx.compose.runtime:runtime-android:1.5.0) to match attributes {artifactType=android-compiled-dependencies-resources, org.gradle.category=library, org.gradle.status=release, org.gradle.usage=java-runtime, org.jetbrains.kotlin.platform.type=androidJvm}.&#10;      &gt; Execution failed for AarResourcesCompilerTransform: /data/data/com.termux/files/home/.gradle/caches/transforms-3/d3d43a34087ada8758ff1001ae467cdd/transformed/runtime-release.&#10;         &gt; /data/data/com.termux/files/home/.gradle/caches/transforms-3/d3d43a34087ada8758ff1001ae467cdd/transformed/runtime-release/AndroidManifest.xml&#10;   &gt; Failed to transform ads-adservices-java-1.0.0-beta05.aar (androidx.privacysandbox.ads:ads-adservices-java:1.0.0-beta05) to match attributes {artifactType=android-compiled-dependencies-resources, org.gradle.status=release}.&#10;      &gt; Execution failed for AarResourcesCompilerTransform: /data/data/com.termux/files/home/.gradle/caches/transforms-3/49ebb19187cee6c26baad7e3b88ee9cc/transformed/ads-adservices-java-1.0.0-beta05.&#10;         &gt; /data/data/com.termux/files/home/.gradle/caches/transforms-3/49ebb19187cee6c26baad7e3b88ee9cc/transformed/ads-adservices-java-1.0.0-beta05/AndroidManifest.xml&#10;   &gt; Failed to transform ads-adservices-1.0.0-beta05.aar (androidx.privacysandbox.ads:ads-adservices:1.0.0-beta05) to match attributes {artifactType=android-compiled-dependencies-resources, org.gradle.status=release}.&#10;      &gt; Execution failed for AarResourcesCompilerTransform: /data/data/com.termux/files/home/.gradle/caches/transforms-3/e76d18bec75fed1fd8dd940d00e91a9f/transformed/ads-adservices-1.0.0-beta05.&#10;         &gt; /data/data/com.termux/files/home/.gradle/caches/transforms-3/e76d18bec75fed1fd8dd940d00e91a9f/transformed/ads-adservices-1.0.0-beta05/AndroidManifest.xml&#10;   &gt; Failed to transform ads-adservices-1.0.0-beta05.aar (androidx.privacysandbox.ads:ads-adservices:1.0.0-beta05) to match attributes {artifactType=android-compiled-dependencies-resources, org.gradle.category=library, org.gradle.dependency.bundling=external, org.gradle.libraryelements=aar, org.gradle.status=release, org.gradle.usage=java-runtime}.&#10;      &gt; Execution failed for AarResourcesCompilerTransform: /data/data/com.termux/files/home/.gradle/caches/transforms-3/e76d18bec75fed1fd8dd940d00e91a9f/transformed/ads-adservices-1.0.0-beta05.&#10;         &gt; /data/data/com.termux/files/home/.gradle/caches/transforms-3/e76d18bec75fed1fd8dd940d00e91a9f/transformed/ads-adservices-1.0.0-beta05/AndroidManifest.xml&#10;   &gt; Failed to transform firebase-installations-interop-17.1.1.aar (com.google.firebase:firebase-installations-interop:17.1.1) to match attributes {artifactType=android-compiled-dependencies-resources, org.gradle.status=release}.&#10;      &gt; Execution failed for AarResourcesCompilerTransform: /data/data/com.termux/files/home/.gradle/caches/transforms-3/17a660e2429e127fbe49e1b5c4b42dae/transformed/firebase-installations-interop-17.1.1.&#10;         &gt; /data/data/com.termux/files/home/.gradle/caches/transforms-3/17a660e2429e127fbe49e1b5c4b42dae/transformed/firebase-installations-interop-17.1.1/AndroidManifest.xml&#10;   &gt; Failed to transform firebase-installations-interop-17.1.1.aar (com.google.firebase:firebase-installations-interop:17.1.1) to match attributes {artifactType=android-compiled-dependencies-resources, org.gradle.status=release}.&#10;      &gt; Execution failed for AarResourcesCompilerTransform: /data/data/com.termux/files/home/.gradle/caches/transforms-3/17a660e2429e127fbe49e1b5c4b42dae/transformed/firebase-installations-interop-17.1.1.&#10;         &gt; /data/data/com.termux/files/home/.gradle/caches/transforms-3/17a660e2429e127fbe49e1b5c4b42dae/transformed/firebase-installations-interop-17.1.1/AndroidManifest.xml&#10;   &gt; Failed to transform play-services-tasks-18.0.2.aar (com.google.android.gms:play-services-tasks:18.0.2) to match attributes {artifactType=android-compiled-dependencies-resources, org.gradle.status=release}.&#10;      &gt; Execution failed for AarResourcesCompilerTransform: /data/data/com.termux/files/home/.gradle/caches/transforms-3/30d120bf5e5772abf8f1a4672e8f37df/transformed/play-services-tasks-18.0.2.&#10;         &gt; /data/data/com.termux/files/home/.gradle/caches/transforms-3/30d120bf5e5772abf8f1a4672e8f37df/transformed/play-services-tasks-18.0.2/AndroidManifest.xml&#10;   &gt; Failed to transform play-services-tasks-18.0.2.aar (com.google.android.gms:play-services-tasks:18.0.2) to match attributes {artifactType=android-compiled-dependencies-resources, org.gradle.status=release}.&#10;      &gt; Execution failed for AarResourcesCompilerTransform: /data/data/com.termux/files/home/.gradle/caches/transforms-3/30d120bf5e5772abf8f1a4672e8f37df/transformed/play-services-tasks-18.0.2.&#10;         &gt; /data/data/com.termux/files/home/.gradle/caches/transforms-3/30d120bf5e5772abf8f1a4672e8f37df/transformed/play-services-tasks-18.0.2/AndroidManifest.xml&#10;   &gt; Failed to transform play-services-tasks-18.0.2.aar (com.google.android.gms:play-services-tasks:18.0.2) to match attributes {artifactType=android-compiled-dependencies-resources, org.gradle.status=release}.&#10;      &gt; Execution failed for AarResourcesCompilerTransform: /data/data/com.termux/files/home/.gradle/caches/transforms-3/30d120bf5e5772abf8f1a4672e8f37df/transformed/play-services-tasks-18.0.2.&#10;         &gt; /data/data/com.termux/files/home/.gradle/caches/transforms-3/30d120bf5e5772abf8f1a4672e8f37df/transformed/play-services-tasks-18.0.2/AndroidManifest.xml&#10;   &gt; Failed to transform play-services-tasks-18.0.2.aar (com.google.android.gms:play-services-tasks:18.0.2) to match attributes {artifactType=android-compiled-dependencies-resources, org.gradle.category=library, org.gradle.libraryelements=jar, org.gradle.status=release, org.gradle.usage=java-runtime}.&#10;      &gt; Execution failed for AarResourcesCompilerTransform: /data/data/com.termux/files/home/.gradle/caches/transforms-3/30d120bf5e5772abf8f1a4672e8f37df/transformed/play-services-tasks-18.0.2.&#10;         &gt; /data/data/com.termux/files/home/.gradle/caches/transforms-3/30d120bf5e5772abf8f1a4672e8f37df/transformed/play-services-tasks-18.0.2/AndroidManifest.xml&#10;   &gt; Failed to transform play-services-tasks-18.0.2.aar (com.google.android.gms:play-services-tasks:18.0.2) to match attributes {artifactType=android-compiled-dependencies-resources, org.gradle.status=release}.&#10;      &gt; Execution failed for AarResourcesCompilerTransform: /data/data/com.termux/files/home/.gradle/caches/transforms-3/30d120bf5e5772abf8f1a4672e8f37df/transformed/play-services-tasks-18.0.2.&#10;         &gt; /data/data/com.termux/files/home/.gradle/caches/transforms-3/30d120bf5e5772abf8f1a4672e8f37df/transformed/play-services-tasks-18.0.2/AndroidManifest.xml&#10;   &gt; Failed to transform play-services-basement-18.1.0.aar (com.google.android.gms:play-services-basement:18.1.0) to match attributes {artifactType=android-compiled-dependencies-resources, org.gradle.status=release}.&#10;      &gt; Execution failed for AarResourcesCompilerTransform: /data/data/com.termux/files/home/.gradle/caches/transforms-3/456217cd900222b391aa71a426717a0a/transformed/play-services-basement-18.1.0.&#10;         &gt; /data/data/com.termux/files/home/.gradle/caches/transforms-3/456217cd900222b391aa71a426717a0a/transformed/play-services-basement-18.1.0/AndroidManifest.xml&#10;   &gt; Failed to transform play-services-basement-18.1.0.aar (com.google.android.gms:play-services-basement:18.1.0) to match attributes {artifactType=android-compiled-dependencies-resources, org.gradle.status=release}.&#10;      &gt; Execution failed for AarResourcesCompilerTransform: /data/data/com.termux/files/home/.gradle/caches/transforms-3/456217cd900222b391aa71a426717a0a/transformed/play-services-basement-18.1.0.&#10;         &gt; /data/data/com.termux/files/home/.gradle/caches/transforms-3/456217cd900222b391aa71a426717a0a/transformed/play-services-basement-18.1.0/AndroidManifest.xml&#10;   &gt; Failed to transform play-services-basement-18.1.0.aar (com.google.android.gms:play-services-basement:18.1.0) to match attributes {artifactType=android-compiled-dependencies-resources, org.gradle.status=release}.&#10;      &gt; Execution failed for AarResourcesCompilerTransform: /data/data/com.termux/files/home/.gradle/caches/transforms-3/456217cd900222b391aa71a426717a0a/transformed/play-services-basement-18.1.0.&#10;         &gt; /data/data/com.termux/files/home/.gradle/caches/transforms-3/456217cd900222b391aa71a426717a0a/transformed/play-services-basement-18.1.0/AndroidManifest.xml&#10;   &gt; Failed to transform play-services-basement-18.1.0.aar (com.google.android.gms:play-services-basement:18.1.0) to match attributes {artifactType=android-compiled-dependencies-resources, org.gradle.status=release}.&#10;      &gt; Execution failed for AarResourcesCompilerTransform: /data/data/com.termux/files/home/.gradle/caches/transforms-3/456217cd900222b391aa71a426717a0a/transformed/play-services-basement-18.1.0.&#10;         &gt; /data/data/com.termux/files/home/.gradle/caches/transforms-3/456217cd900222b391aa71a426717a0a/transformed/play-services-basement-18.1.0/AndroidManifest.xml&#10;   &gt; Failed to transform play-services-basement-18.1.0.aar (com.google.android.gms:play-services-basement:18.1.0) to match attributes {artifactType=android-compiled-dependencies-resources, org.gradle.status=release}.&#10;      &gt; Execution failed for AarResourcesCompilerTransform: /data/data/com.termux/files/home/.gradle/caches/transforms-3/456217cd900222b391aa71a426717a0a/transformed/play-services-basement-18.1.0.&#10;         &gt; /data/data/com.termux/files/home/.gradle/caches/transforms-3/456217cd900222b391aa71a426717a0a/transformed/play-services-basement-18.1.0/AndroidManifest.xml&#10;   &gt; Failed to transform play-services-basement-18.1.0.aar (com.google.android.gms:play-services-basement:18.1.0) to match attributes {artifactType=android-compiled-dependencies-resources, org.gradle.status=release}.&#10;      &gt; Execution failed for AarResourcesCompilerTransform: /data/data/com.termux/files/home/.gradle/caches/transforms-3/456217cd900222b391aa71a426717a0a/transformed/play-services-basement-18.1.0.&#10;         &gt; /data/data/com.termux/files/home/.gradle/caches/transforms-3/456217cd900222b391aa71a426717a0a/transformed/play-services-basement-18.1.0/AndroidManifest.xml&#10;   &gt; Failed to transform play-services-basement-18.1.0.aar (com.google.android.gms:play-services-basement:18.1.0) to match attributes {artifactType=android-compiled-dependencies-resources, org.gradle.status=release}.&#10;      &gt; Execution failed for AarResourcesCompilerTransform: /data/data/com.termux/files/home/.gradle/caches/transforms-3/456217cd900222b391aa71a426717a0a/transformed/play-services-basement-18.1.0.&#10;         &gt; /data/data/com.termux/files/home/.gradle/caches/transforms-3/456217cd900222b391aa71a426717a0a/transformed/play-services-basement-18.1.0/AndroidManifest.xml&#10;   &gt; Failed to transform play-services-basement-18.1.0.aar (com.google.android.gms:play-services-basement:18.1.0) to match attributes {artifactType=android-compiled-dependencies-resources, org.gradle.status=release}.&#10;      &gt; Execution failed for AarResourcesCompilerTransform: /data/data/com.termux/files/home/.gradle/caches/transforms-3/456217cd900222b391aa71a426717a0a/transformed/play-services-basement-18.1.0.&#10;         &gt; /data/data/com.termux/files/home/.gradle/caches/transforms-3/456217cd900222b391aa71a426717a0a/transformed/play-services-basement-18.1.0/AndroidManifest.xml&#10;   &gt; Failed to transform play-services-basement-18.1.0.aar (com.google.android.gms:play-services-basement:18.1.0) to match attributes {artifactType=android-compiled-dependencies-resources, org.gradle.status=release}.&#10;      &gt; Execution failed for AarResourcesCompilerTransform: /data/data/com.termux/files/home/.gradle/caches/transforms-3/456217cd900222b391aa71a426717a0a/transformed/play-services-basement-18.1.0.&#10;         &gt; /data/data/com.termux/files/home/.gradle/caches/transforms-3/456217cd900222b391aa71a426717a0a/transformed/play-services-basement-18.1.0/AndroidManifest.xml&#10;   &gt; Failed to transform play-services-basement-18.1.0.aar (com.google.android.gms:play-services-basement:18.1.0) to match attributes {artifactType=android-compiled-dependencies-resources, org.gradle.status=release}.&#10;      &gt; Execution failed for AarResourcesCompilerTransform: /data/data/com.termux/files/home/.gradle/caches/transforms-3/456217cd900222b391aa71a426717a0a/transformed/play-services-basement-18.1.0.&#10;         &gt; /data/data/com.termux/files/home/.gradle/caches/transforms-3/456217cd900222b391aa71a426717a0a/transformed/play-services-basement-18.1.0/AndroidManifest.xml&#10;   &gt; Failed to transform play-services-basement-18.1.0.aar (com.google.android.gms:play-services-basement:18.1.0) to match attributes {artifactType=android-compiled-dependencies-resources, org.gradle.status=release}.&#10;      &gt; Execution failed for AarResourcesCompilerTransform: /data/data/com.termux/files/home/.gradle/caches/transforms-3/456217cd900222b391aa71a426717a0a/transformed/play-services-basement-18.1.0.&#10;         &gt; /data/data/com.termux/files/home/.gradle/caches/transforms-3/456217cd900222b391aa71a426717a0a/transformed/play-services-basement-18.1.0/AndroidManifest.xml&#10;   &gt; Failed to transform fragment-1.0.0.aar (androidx.fragment:fragment:1.0.0) to match attributes {artifactType=android-compiled-dependencies-resources, org.gradle.status=release}.&#10;      &gt; Execution failed for AarResourcesCompilerTransform: /data/data/com.termux/files/home/.gradle/caches/transforms-3/9b2889b2dd8d86644b8d063f844ea5cb/transformed/fragment-1.0.0.&#10;         &gt; /data/data/com.termux/files/home/.gradle/caches/transforms-3/9b2889b2dd8d86644b8d063f844ea5cb/transformed/fragment-1.0.0/AndroidManifest.xml&#10;   &gt; Failed to transform legacy-support-core-ui-1.0.0.aar (androidx.legacy:legacy-support-core-ui:1.0.0) to match attributes {artifactType=android-compiled-dependencies-resources, org.gradle.status=release}.&#10;      &gt; Execution failed for AarResourcesCompilerTransform: /data/data/com.termux/files/home/.gradle/caches/transforms-3/16c4269f09416b8738b2edf46a6becbe/transformed/legacy-support-core-ui-1.0.0.&#10;         &gt; /data/data/com.termux/files/home/.gradle/caches/transforms-3/16c4269f09416b8738b2edf46a6becbe/transformed/legacy-support-core-ui-1.0.0/AndroidManifest.xml&#10;   &gt; Failed to transform legacy-support-core-utils-1.0.0.aar (androidx.legacy:legacy-support-core-utils:1.0.0) to match attributes {artifactType=android-compiled-dependencies-resources, org.gradle.status=release}.&#10;      &gt; Execution failed for AarResourcesCompilerTransform: /data/data/com.termux/files/home/.gradle/caches/transforms-3/a2602a9917d3368b247d7189e36a5efe/transformed/legacy-support-core-utils-1.0.0.&#10;         &gt; /data/data/com.termux/files/home/.gradle/caches/transforms-3/a2602a9917d3368b247d7189e36a5efe/transformed/legacy-support-core-utils-1.0.0/AndroidManifest.xml&#10;   &gt; Failed to transform legacy-support-core-utils-1.0.0.aar (androidx.legacy:legacy-support-core-utils:1.0.0) to match attributes {artifactType=android-compiled-dependencies-resources, org.gradle.status=release}.&#10;      &gt; Execution failed for AarResourcesCompilerTransform: /data/data/com.termux/files/home/.gradle/caches/transforms-3/a2602a9917d3368b247d7189e36a5efe/transformed/legacy-support-core-utils-1.0.0.&#10;         &gt; /data/data/com.termux/files/home/.gradle/caches/transforms-3/a2602a9917d3368b247d7189e36a5efe/transformed/legacy-support-core-utils-1.0.0/AndroidManifest.xml&#10;   &gt; Failed to transform legacy-support-core-utils-1.0.0.aar (androidx.legacy:legacy-support-core-utils:1.0.0) to match attributes {artifactType=android-compiled-dependencies-resources, org.gradle.status=release}.&#10;      &gt; Execution failed for AarResourcesCompilerTransform: /data/data/com.termux/files/home/.gradle/caches/transforms-3/a2602a9917d3368b247d7189e36a5efe/transformed/legacy-support-core-utils-1.0.0.&#10;         &gt; /data/data/com.termux/files/home/.gradle/caches/transforms-3/a2602a9917d3368b247d7189e36a5efe/transformed/legacy-support-core-utils-1.0.0/AndroidManifest.xml&#10;   &gt; Failed to transform legacy-support-core-utils-1.0.0.aar (androidx.legacy:legacy-support-core-utils:1.0.0) to match attributes {artifactType=android-compiled-dependencies-resources, org.gradle.status=release}.&#10;      &gt; Execution failed for AarResourcesCompilerTransform: /data/data/com.termux/files/home/.gradle/caches/transforms-3/a2602a9917d3368b247d7189e36a5efe/transformed/legacy-support-core-utils-1.0.0.&#10;         &gt; /data/data/com.termux/files/home/.gradle/caches/transforms-3/a2602a9917d3368b247d7189e36a5efe/transformed/legacy-support-core-utils-1.0.0/AndroidManifest.xml&#10;   &gt; Failed to transform loader-1.0.0.aar (androidx.loader:loader:1.0.0) to match attributes {artifactType=android-compiled-dependencies-resources, org.gradle.status=release}.&#10;      &gt; Execution failed for AarResourcesCompilerTransform: /data/data/com.termux/files/home/.gradle/caches/transforms-3/871a88f56f8657d80be77ac17abb2d06/transformed/loader-1.0.0.&#10;         &gt; /data/data/com.termux/files/home/.gradle/caches/transforms-3/871a88f56f8657d80be77ac17abb2d06/transformed/loader-1.0.0/AndroidManifest.xml&#10;   &gt; Failed to transform loader-1.0.0.aar (androidx.loader:loader:1.0.0) to match attributes {artifactType=android-compiled-dependencies-resources, org.gradle.status=release}.&#10;      &gt; Execution failed for AarResourcesCompilerTransform: /data/data/com.termux/files/home/.gradle/caches/transforms-3/871a88f56f8657d80be77ac17abb2d06/transformed/loader-1.0.0.&#10;         &gt; /data/data/com.termux/files/home/.gradle/caches/transforms-3/871a88f56f8657d80be77ac17abb2d06/transformed/loader-1.0.0/AndroidManifest.xml&#10;   &gt; Failed to transform emoji2-1.4.0.aar (androidx.emoji2:emoji2:1.4.0) to match attributes {artifactType=android-compiled-dependencies-resources, org.gradle.category=library, org.gradle.dependency.bundling=external, org.gradle.libraryelements=aar, org.gradle.status=release, org.gradle.usage=java-runtime}.&#10;      &gt; Execution failed for AarResourcesCompilerTransform: /data/data/com.termux/files/home/.gradle/caches/transforms-3/6a2fc5ffaba9164a60de4554d2af9778/transformed/emoji2-1.4.0.&#10;         &gt; /data/data/com.termux/files/home/.gradle/caches/transforms-3/6a2fc5ffaba9164a60de4554d2af9778/transformed/emoji2-1.4.0/AndroidManifest.xml&#10;   &gt; Failed to transform lifecycle-livedata-core-ktx-2.7.0.aar (androidx.lifecycle:lifecycle-livedata-core-ktx:2.7.0) to match attributes {artifactType=android-compiled-dependencies-resources, org.gradle.category=library, org.gradle.dependency.bundling=external, org.gradle.libraryelements=aar, org.gradle.status=release, org.gradle.usage=java-runtime}.&#10;      &gt; Execution failed for AarResourcesCompilerTransform: /data/data/com.termux/files/home/.gradle/caches/transforms-3/77968afcabe9aa2392b55b1667029d73/transformed/lifecycle-livedata-core-ktx-2.7.0.&#10;         &gt; /data/data/com.termux/files/home/.gradle/caches/transforms-3/77968afcabe9aa2392b55b1667029d73/transformed/lifecycle-livedata-core-ktx-2.7.0/AndroidManifest.xml&#10;   &gt; Failed to transform lifecycle-process-2.7.0.aar (androidx.lifecycle:lifecycle-process:2.7.0) to match attributes {artifactType=android-compiled-dependencies-resources, org.gradle.category=library, org.gradle.dependency.bundling=external, org.gradle.libraryelements=aar, org.gradle.status=release, org.gradle.usage=java-runtime}.&#10;      &gt; Execution failed for AarResourcesCompilerTransform: /data/data/com.termux/files/home/.gradle/caches/transforms-3/b3dc616d16097fe695c1a39c05e65f9d/transformed/lifecycle-process-2.7.0.&#10;         &gt; /data/data/com.termux/files/home/.gradle/caches/transforms-3/b3dc616d16097fe695c1a39c05e65f9d/transformed/lifecycle-process-2.7.0/AndroidManifest.xml&#10;   &gt; Failed to transform lifecycle-livedata-2.7.0.aar (androidx.lifecycle:lifecycle-livedata:2.7.0) to match attributes {artifactType=android-compiled-dependencies-resources, org.gradle.status=release}.&#10;      &gt; Execution failed for AarResourcesCompilerTransform: /data/data/com.termux/files/home/.gradle/caches/transforms-3/3fd0731fb22fb0cd1797d5e863c63e74/transformed/lifecycle-livedata-2.7.0.&#10;         &gt; /data/data/com.termux/files/home/.gradle/caches/transforms-3/3fd0731fb22fb0cd1797d5e863c63e74/transformed/lifecycle-livedata-2.7.0/AndroidManifest.xml&#10;   &gt; Failed to transform lifecycle-livedata-core-2.7.0.aar (androidx.lifecycle:lifecycle-livedata-core:2.7.0) to match attributes {artifactType=android-compiled-dependencies-resources, org.gradle.category=library, org.gradle.dependency.bundling=external, org.gradle.libraryelements=aar, org.gradle.status=release, org.gradle.usage=java-runtime}.&#10;      &gt; Execution failed for AarResourcesCompilerTransform: /data/data/com.termux/files/home/.gradle/caches/transforms-3/b7f81bcbdbbf904250f114d81e34b6d4/transformed/lifecycle-livedata-core-2.7.0.&#10;         &gt; /data/data/com.termux/files/home/.gradle/caches/transforms-3/b7f81bcbdbbf904250f114d81e34b6d4/transformed/lifecycle-livedata-core-2.7.0/AndroidManifest.xml&#10;   &gt; Failed to transform lifecycle-viewmodel-ktx-2.7.0.aar (androidx.lifecycle:lifecycle-viewmodel-ktx:2.7.0) to match attributes {artifactType=android-compiled-dependencies-resources, org.gradle.category=library, org.gradle.dependency.bundling=external, org.gradle.libraryelements=aar, org.gradle.status=release, org.gradle.usage=java-runtime}.&#10;      &gt; Execution failed for AarResourcesCompilerTransform: /data/data/com.termux/files/home/.gradle/caches/transforms-3/54855c18afafec7a3fba85464f476f66/transformed/lifecycle-viewmodel-ktx-2.7.0.&#10;         &gt; /data/data/com.termux/files/home/.gradle/caches/transforms-3/54855c18afafec7a3fba85464f476f66/transformed/lifecycle-viewmodel-ktx-2.7.0/AndroidManifest.xml&#10;   &gt; Failed to transform lifecycle-viewmodel-2.7.0.aar (androidx.lifecycle:lifecycle-viewmodel:2.7.0) to match attributes {artifactType=android-compiled-dependencies-resources, org.gradle.category=library, org.gradle.dependency.bundling=external, org.gradle.libraryelements=aar, org.gradle.status=release, org.gradle.usage=java-runtime}.&#10;      &gt; Execution failed for AarResourcesCompilerTransform: /data/data/com.termux/files/home/.gradle/caches/transforms-3/9b79079c502421521637970110d3ef6c/transformed/lifecycle-viewmodel-2.7.0.&#10;         &gt; /data/data/com.termux/files/home/.gradle/caches/transforms-3/9b79079c502421521637970110d3ef6c/transformed/lifecycle-viewmodel-2.7.0/AndroidManifest.xml&#10;   &gt; Failed to transform lifecycle-viewmodel-2.7.0.aar (androidx.lifecycle:lifecycle-viewmodel:2.7.0) to match attributes {artifactType=android-compiled-dependencies-resources, org.gradle.status=release}.&#10;      &gt; Execution failed for AarResourcesCompilerTransform: /data/data/com.termux/files/home/.gradle/caches/transforms-3/9b79079c502421521637970110d3ef6c/transformed/lifecycle-viewmodel-2.7.0.&#10;         &gt; /data/data/com.termux/files/home/.gradle/caches/transforms-3/9b79079c502421521637970110d3ef6c/transformed/lifecycle-viewmodel-2.7.0/AndroidManifest.xml&#10;   &gt; Failed to transform lifecycle-viewmodel-2.7.0.aar (androidx.lifecycle:lifecycle-viewmodel:2.7.0) to match attributes {artifactType=android-compiled-dependencies-resources, org.gradle.status=release}.&#10;      &gt; Execution failed for AarResourcesCompilerTransform: /data/data/com.termux/files/home/.gradle/caches/transforms-3/9b79079c502421521637970110d3ef6c/transformed/lifecycle-viewmodel-2.7.0.&#10;         &gt; /data/data/com.termux/files/home/.gradle/caches/transforms-3/9b79079c502421521637970110d3ef6c/transformed/lifecycle-viewmodel-2.7.0/AndroidManifest.xml&#10;   &gt; Failed to transform savedstate-ktx-1.2.1.aar (androidx.savedstate:savedstate-ktx:1.2.1) to match attributes {artifactType=android-compiled-dependencies-resources, org.gradle.category=library, org.gradle.dependency.bundling=external, org.gradle.libraryelements=aar, org.gradle.status=release, org.gradle.usage=java-runtime}.&#10;      &gt; Execution failed for AarResourcesCompilerTransform: /data/data/com.termux/files/home/.gradle/caches/transforms-3/3e5cb974d7e04da32f6273da8873776d/transformed/savedstate-ktx-1.2.1.&#10;         &gt; /data/data/com.termux/files/home/.gradle/caches/transforms-3/3e5cb974d7e04da32f6273da8873776d/transformed/savedstate-ktx-1.2.1/AndroidManifest.xml&#10;   &gt; Failed to transform savedstate-1.2.1.aar (androidx.savedstate:savedstate:1.2.1) to match attributes {artifactType=android-compiled-dependencies-resources, org.gradle.category=library, org.gradle.dependency.bundling=external, org.gradle.libraryelements=aar, org.gradle.status=release, org.gradle.usage=java-runtime}.&#10;      &gt; Execution failed for AarResourcesCompilerTransform: /data/data/com.termux/files/home/.gradle/caches/transforms-3/80e9e609d9c21e62a16c98b4fba5c0a8/transformed/savedstate-1.2.1.&#10;         &gt; /data/data/com.termux/files/home/.gradle/caches/transforms-3/80e9e609d9c21e62a16c98b4fba5c0a8/transformed/savedstate-1.2.1/AndroidManifest.xml&#10;   &gt; Failed to transform lifecycle-viewmodel-savedstate-2.7.0.aar (androidx.lifecycle:lifecycle-viewmodel-savedstate:2.7.0) to match attributes {artifactType=android-compiled-dependencies-resources, org.gradle.category=library, org.gradle.dependency.bundling=external, org.gradle.libraryelements=aar, org.gradle.status=release, org.gradle.usage=java-runtime}.&#10;      &gt; Execution failed for AarResourcesCompilerTransform: /data/data/com.termux/files/home/.gradle/caches/transforms-3/71b8e8b21937a15c3a5319c1c16aa3b2/transformed/lifecycle-viewmodel-savedstate-2.7.0.&#10;         &gt; /data/data/com.termux/files/home/.gradle/caches/transforms-3/71b8e8b21937a15c3a5319c1c16aa3b2/transformed/lifecycle-viewmodel-savedstate-2.7.0/AndroidManifest.xml&#10;   &gt; Failed to transform core-ktx-1.10.1.aar (androidx.core:core-ktx:1.10.1) to match attributes {artifactType=android-compiled-dependencies-resources, org.gradle.category=library, org.gradle.dependency.bundling=external, org.gradle.libraryelements=aar, org.gradle.status=release, org.gradle.usage=java-runtime}.&#10;      &gt; Execution failed for AarResourcesCompilerTransform: /data/data/com.termux/files/home/.gradle/caches/transforms-3/222191d2c686394824b13f2d73551f0d/transformed/core-ktx-1.10.1.&#10;         &gt; /data/data/com.termux/files/home/.gradle/caches/transforms-3/222191d2c686394824b13f2d73551f0d/transformed/core-ktx-1.10.1/AndroidManifest.xml&#10;   &gt; Failed to transform autofill-1.0.0.aar (androidx.autofill:autofill:1.0.0) to match attributes {artifactType=android-compiled-dependencies-resources, org.gradle.category=library, org.gradle.libraryelements=jar, org.gradle.status=release, org.gradle.usage=java-runtime}.&#10;      &gt; Execution failed for AarResourcesCompilerTransform: /data/data/com.termux/files/home/.gradle/caches/transforms-3/fd8b81ce8515dfe64a3568ea8f5d357c/transformed/autofill-1.0.0.&#10;         &gt; /data/data/com.termux/files/home/.gradle/caches/transforms-3/fd8b81ce8515dfe64a3568ea8f5d357c/transformed/autofill-1.0.0/AndroidManifest.xml&#10;   &gt; Failed to transform viewpager-1.0.0.aar (androidx.viewpager:viewpager:1.0.0) to match attributes {artifactType=android-compiled-dependencies-resources, org.gradle.status=release}.&#10;      &gt; Execution failed for AarResourcesCompilerTransform: /data/data/com.termux/files/home/.gradle/caches/transforms-3/4eef4eb088cbf45fa2d66528bae6f116/transformed/viewpager-1.0.0.&#10;         &gt; /data/data/com.termux/files/home/.gradle/caches/transforms-3/4eef4eb088cbf45fa2d66528bae6f116/transformed/viewpager-1.0.0/AndroidManifest.xml&#10;   &gt; Failed to transform coordinatorlayout-1.0.0.aar (androidx.coordinatorlayout:coordinatorlayout:1.0.0) to match attributes {artifactType=android-compiled-dependencies-resources, org.gradle.status=release}.&#10;      &gt; Execution failed for AarResourcesCompilerTransform: /data/data/com.termux/files/home/.gradle/caches/transforms-3/c3e6f028e6bda6ced44bba22e0fec91b/transformed/coordinatorlayout-1.0.0.&#10;         &gt; /data/data/com.termux/files/home/.gradle/caches/transforms-3/c3e6f028e6bda6ced44bba22e0fec91b/transformed/coordinatorlayout-1.0.0/AndroidManifest.xml&#10;   &gt; Failed to transform drawerlayout-1.0.0.aar (androidx.drawerlayout:drawerlayout:1.0.0) to match attributes {artifactType=android-compiled-dependencies-resources, org.gradle.status=release}.&#10;      &gt; Execution failed for AarResourcesCompilerTransform: /data/data/com.termux/files/home/.gradle/caches/transforms-3/049158dbc42725d5204d0252fcbf6169/transformed/drawerlayout-1.0.0.&#10;         &gt; /data/data/com.termux/files/home/.gradle/caches/transforms-3/049158dbc42725d5204d0252fcbf6169/transformed/drawerlayout-1.0.0/AndroidManifest.xml&#10;   &gt; Failed to transform slidingpanelayout-1.0.0.aar (androidx.slidingpanelayout:slidingpanelayout:1.0.0) to match attributes {artifactType=android-compiled-dependencies-resources, org.gradle.status=release}.&#10;      &gt; Execution failed for AarResourcesCompilerTransform: /data/data/com.termux/files/home/.gradle/caches/transforms-3/dff0cb3ce0015ca1adc3feb0d00a6ae7/transformed/slidingpanelayout-1.0.0.&#10;         &gt; /data/data/com.termux/files/home/.gradle/caches/transforms-3/dff0cb3ce0015ca1adc3feb0d00a6ae7/transformed/slidingpanelayout-1.0.0/AndroidManifest.xml&#10;   &gt; Failed to transform customview-1.0.0.aar (androidx.customview:customview:1.0.0) to match attributes {artifactType=android-compiled-dependencies-resources, org.gradle.status=release}.&#10;      &gt; Execution failed for AarResourcesCompilerTransform: /data/data/com.termux/files/home/.gradle/caches/transforms-3/3007d54fb0bfab9e0f08a8339bc67651/transformed/customview-1.0.0.&#10;         &gt; /data/data/com.termux/files/home/.gradle/caches/transforms-3/3007d54fb0bfab9e0f08a8339bc67651/transformed/customview-1.0.0/AndroidManifest.xml&#10;   &gt; Failed to transform customview-1.0.0.aar (androidx.customview:customview:1.0.0) to match attributes {artifactType=android-compiled-dependencies-resources, org.gradle.status=release}.&#10;      &gt; Execution failed for AarResourcesCompilerTransform: /data/data/com.termux/files/home/.gradle/caches/transforms-3/3007d54fb0bfab9e0f08a8339bc67651/transformed/customview-1.0.0.&#10;         &gt; /data/data/com.termux/files/home/.gradle/caches/transforms-3/3007d54fb0bfab9e0f08a8339bc67651/transformed/customview-1.0.0/AndroidManifest.xml&#10;   &gt; Failed to transform customview-1.0.0.aar (androidx.customview:customview:1.0.0) to match attributes {artifactType=android-compiled-dependencies-resources, org.gradle.status=release}.&#10;      &gt; Execution failed for AarResourcesCompilerTransform: /data/data/com.termux/files/home/.gradle/caches/transforms-3/3007d54fb0bfab9e0f08a8339bc67651/transformed/customview-1.0.0.&#10;         &gt; /data/data/com.termux/files/home/.gradle/caches/transforms-3/3007d54fb0bfab9e0f08a8339bc67651/transformed/customview-1.0.0/AndroidManifest.xml&#10;   &gt; Failed to transform customview-1.0.0.aar (androidx.customview:customview:1.0.0) to match attributes {artifactType=android-compiled-dependencies-resources, org.gradle.status=release}.&#10;      &gt; Execution failed for AarResourcesCompilerTransform: /data/data/com.termux/files/home/.gradle/caches/transforms-3/3007d54fb0bfab9e0f08a8339bc67651/transformed/customview-1.0.0.&#10;         &gt; /data/data/com.termux/files/home/.gradle/caches/transforms-3/3007d54fb0bfab9e0f08a8339bc67651/transformed/customview-1.0.0/AndroidManifest.xml&#10;   &gt; Failed to transform customview-1.0.0.aar (androidx.customview:customview:1.0.0) to match attributes {artifactType=android-compiled-dependencies-resources, org.gradle.status=release}.&#10;      &gt; Execution failed for AarResourcesCompilerTransform: /data/data/com.termux/files/home/.gradle/caches/transforms-3/3007d54fb0bfab9e0f08a8339bc67651/transformed/customview-1.0.0.&#10;         &gt; /data/data/com.termux/files/home/.gradle/caches/transforms-3/3007d54fb0bfab9e0f08a8339bc67651/transformed/customview-1.0.0/AndroidManifest.xml&#10;   &gt; Failed to transform swiperefreshlayout-1.0.0.aar (androidx.swiperefreshlayout:swiperefreshlayout:1.0.0) to match attributes {artifactType=android-compiled-dependencies-resources, org.gradle.status=release}.&#10;      &gt; Execution failed for AarResourcesCompilerTransform: /data/data/com.termux/files/home/.gradle/caches/transforms-3/e5b6d7b351bb24429167b7e73bd01efc/transformed/swiperefreshlayout-1.0.0.&#10;         &gt; /data/data/com.termux/files/home/.gradle/caches/transforms-3/e5b6d7b351bb24429167b7e73bd01efc/transformed/swiperefreshlayout-1.0.0/AndroidManifest.xml&#10;   &gt; Failed to transform asynclayoutinflater-1.0.0.aar (androidx.asynclayoutinflater:asynclayoutinflater:1.0.0) to match attributes {artifactType=android-compiled-dependencies-resources, org.gradle.status=release}.&#10;      &gt; Execution failed for AarResourcesCompilerTransform: /data/data/com.termux/files/home/.gradle/caches/transforms-3/cdfec9333dccced9825939a08b05629f/transformed/asynclayoutinflater-1.0.0.&#10;         &gt; /data/data/com.termux/files/home/.gradle/caches/transforms-3/cdfec9333dccced9825939a08b05629f/transformed/asynclayoutinflater-1.0.0/AndroidManifest.xml&#10;   &gt; Failed to transform core-1.10.1.aar (androidx.core:core:1.10.1) to match attributes {artifactType=android-compiled-dependencies-resources, org.gradle.category=library, org.gradle.dependency.bundling=external, org.gradle.libraryelements=aar, org.gradle.status=release, org.gradle.usage=java-runtime}.&#10;      &gt; Execution failed for AarResourcesCompilerTransform: /data/data/com.termux/files/home/.gradle/caches/transforms-3/02bbe297464ad2e55bc275015600a1ff/transformed/core-1.10.1.&#10;         &gt; /data/data/com.termux/files/home/.gradle/caches/transforms-3/02bbe297464ad2e55bc275015600a1ff/transformed/core-1.10.1/AndroidManifest.xml&#10;   &gt; Failed to transform core-1.10.1.aar (androidx.core:core:1.10.1) to match attributes {artifactType=android-compiled-dependencies-resources, org.gradle.status=release}.&#10;      &gt; Execution failed for AarResourcesCompilerTransform: /data/data/com.termux/files/home/.gradle/caches/transforms-3/02bbe297464ad2e55bc275015600a1ff/transformed/core-1.10.1.&#10;         &gt; /data/data/com.termux/files/home/.gradle/caches/transforms-3/02bbe297464ad2e55bc275015600a1ff/transformed/core-1.10.1/AndroidManifest.xml&#10;   &gt; Failed to transform core-1.10.1.aar (androidx.core:core:1.10.1) to match attributes {artifactType=android-compiled-dependencies-resources, org.gradle.status=release}.&#10;      &gt; Execution failed for AarResourcesCompilerTransform: /data/data/com.termux/files/home/.gradle/caches/transforms-3/02bbe297464ad2e55bc275015600a1ff/transformed/core-1.10.1.&#10;         &gt; /data/data/com.termux/files/home/.gradle/caches/transforms-3/02bbe297464ad2e55bc275015600a1ff/transformed/core-1.10.1/AndroidManifest.xml&#10;   &gt; Failed to transform core-1.10.1.aar (androidx.core:core:1.10.1) to match attributes {artifactType=android-compiled-dependencies-resources, org.gradle.status=release}.&#10;      &gt; Execution failed for AarResourcesCompilerTransform: /data/data/com.termux/files/home/.gradle/caches/transforms-3/02bbe297464ad2e55bc275015600a1ff/transformed/core-1.10.1.&#10;         &gt; /data/data/com.termux/files/home/.gradle/caches/transforms-3/02bbe297464ad2e55bc275015600a1ff/transformed/core-1.10.1/AndroidManifest.xml&#10;   &gt; Failed to transform core-1.10.1.aar (androidx.core:core:1.10.1) to match attributes {artifactType=android-compiled-dependencies-resources, org.gradle.status=release}.&#10;      &gt; Execution failed for AarResourcesCompilerTransform: /data/data/com.termux/files/home/.gradle/caches/transforms-3/02bbe297464ad2e55bc275015600a1ff/transformed/core-1.10.1.&#10;         &gt; /data/data/com.termux/files/home/.gradle/caches/transforms-3/02bbe297464ad2e55bc275015600a1ff/transformed/core-1.10.1/AndroidManifest.xml&#10;   &gt; Failed to transform core-1.10.1.aar (androidx.core:core:1.10.1) to match attributes {artifactType=android-compiled-dependencies-resources, org.gradle.status=release}.&#10;      &gt; Execution failed for AarResourcesCompilerTransform: /data/data/com.termux/files/home/.gradle/caches/transforms-3/02bbe297464ad2e55bc275015600a1ff/transformed/core-1.10.1.&#10;         &gt; /data/data/com.termux/files/home/.gradle/caches/transforms-3/02bbe297464ad2e55bc275015600a1ff/transformed/core-1.10.1/AndroidManifest.xml&#10;   &gt; Failed to transform core-1.10.1.aar (androidx.core:core:1.10.1) to match attributes {artifactType=android-compiled-dependencies-resources, org.gradle.status=release}.&#10;      &gt; Execution failed for AarResourcesCompilerTransform: /data/data/com.termux/files/home/.gradle/caches/transforms-3/02bbe297464ad2e55bc275015600a1ff/transformed/core-1.10.1.&#10;         &gt; /data/data/com.termux/files/home/.gradle/caches/transforms-3/02bbe297464ad2e55bc275015600a1ff/transformed/core-1.10.1/AndroidManifest.xml&#10;   &gt; Failed to transform core-1.10.1.aar (androidx.core:core:1.10.1) to match attributes {artifactType=android-compiled-dependencies-resources, org.gradle.status=release}.&#10;      &gt; Execution failed for AarResourcesCompilerTransform: /data/data/com.termux/files/home/.gradle/caches/transforms-3/02bbe297464ad2e55bc275015600a1ff/transformed/core-1.10.1.&#10;         &gt; /data/data/com.termux/files/home/.gradle/caches/transforms-3/02bbe297464ad2e55bc275015600a1ff/transformed/core-1.10.1/AndroidManifest.xml&#10;   &gt; Failed to transform core-1.10.1.aar (androidx.core:core:1.10.1) to match attributes {artifactType=android-compiled-dependencies-resources, org.gradle.status=release}.&#10;      &gt; Execution failed for AarResourcesCompilerTransform: /data/data/com.termux/files/home/.gradle/caches/transforms-3/02bbe297464ad2e55bc275015600a1ff/transformed/core-1.10.1.&#10;         &gt; /data/data/com.termux/files/home/.gradle/caches/transforms-3/02bbe297464ad2e55bc275015600a1ff/transformed/core-1.10.1/AndroidManifest.xml&#10;   &gt; Failed to transform core-1.10.1.aar (androidx.core:core:1.10.1) to match attributes {artifactType=android-compiled-dependencies-resources, org.gradle.status=release}.&#10;      &gt; Execution failed for AarResourcesCompilerTransform: /data/data/com.termux/files/home/.gradle/caches/transforms-3/02bbe297464ad2e55bc275015600a1ff/transformed/core-1.10.1.&#10;         &gt; /data/data/com.termux/files/home/.gradle/caches/transforms-3/02bbe297464ad2e55bc275015600a1ff/transformed/core-1.10.1/AndroidManifest.xml&#10;   &gt; Failed to transform core-1.10.1.aar (androidx.core:core:1.10.1) to match attributes {artifactType=android-compiled-dependencies-resources, org.gradle.status=release}.&#10;      &gt; Execution failed for AarResourcesCompilerTransform: /data/data/com.termux/files/home/.gradle/caches/transforms-3/02bbe297464ad2e55bc275015600a1ff/transformed/core-1.10.1.&#10;         &gt; /data/data/com.termux/files/home/.gradle/caches/transforms-3/02bbe297464ad2e55bc275015600a1ff/transformed/core-1.10.1/AndroidManifest.xml&#10;   &gt; Failed to transform core-1.10.1.aar (androidx.core:core:1.10.1) to match attributes {artifactType=android-compiled-dependencies-resources, org.gradle.status=release}.&#10;      &gt; Execution failed for AarResourcesCompilerTransform: /data/data/com.termux/files/home/.gradle/caches/transforms-3/02bbe297464ad2e55bc275015600a1ff/transformed/core-1.10.1.&#10;         &gt; /data/data/com.termux/files/home/.gradle/caches/transforms-3/02bbe297464ad2e55bc275015600a1ff/transformed/core-1.10.1/AndroidManifest.xml&#10;   &gt; Failed to transform core-1.10.1.aar (androidx.core:core:1.10.1) to match attributes {artifactType=android-compiled-dependencies-resources, org.gradle.status=release}.&#10;      &gt; Execution failed for AarResourcesCompilerTransform: /data/data/com.termux/files/home/.gradle/caches/transforms-3/02bbe297464ad2e55bc275015600a1ff/transformed/core-1.10.1.&#10;         &gt; /data/data/com.termux/files/home/.gradle/caches/transforms-3/02bbe297464ad2e55bc275015600a1ff/transformed/core-1.10.1/AndroidManifest.xml&#10;   &gt; Failed to transform core-1.10.1.aar (androidx.core:core:1.10.1) to match attributes {artifactType=android-compiled-dependencies-resources, org.gradle.status=release}.&#10;      &gt; Execution failed for AarResourcesCompilerTransform: /data/data/com.termux/files/home/.gradle/caches/transforms-3/02bbe297464ad2e55bc275015600a1ff/transformed/core-1.10.1.&#10;         &gt; /data/data/com.termux/files/home/.gradle/caches/transforms-3/02bbe297464ad2e55bc275015600a1ff/transformed/core-1.10.1/AndroidManifest.xml&#10;   &gt; Failed to transform core-1.10.1.aar (androidx.core:core:1.10.1) to match attributes {artifactType=android-compiled-dependencies-resources, org.gradle.status=release}.&#10;      &gt; Execution failed for AarResourcesCompilerTransform: /data/data/com.termux/files/home/.gradle/caches/transforms-3/02bbe297464ad2e55bc275015600a1ff/transformed/core-1.10.1.&#10;         &gt; /data/data/com.termux/files/home/.gradle/caches/transforms-3/02bbe297464ad2e55bc275015600a1ff/transformed/core-1.10.1/AndroidManifest.xml&#10;   &gt; Failed to transform lifecycle-runtime-2.7.0.aar (androidx.lifecycle:lifecycle-runtime:2.7.0) to match attributes {artifactType=android-compiled-dependencies-resources, org.gradle.category=library, org.gradle.dependency.bundling=external, org.gradle.libraryelements=aar, org.gradle.status=release, org.gradle.usage=java-runtime}.&#10;      &gt; Execution failed for AarResourcesCompilerTransform: /data/data/com.termux/files/home/.gradle/caches/transforms-3/0942312b631f67b2adef8285d567f63f/transformed/lifecycle-runtime-2.7.0.&#10;         &gt; /data/data/com.termux/files/home/.gradle/caches/transforms-3/0942312b631f67b2adef8285d567f63f/transformed/lifecycle-runtime-2.7.0/AndroidManifest.xml&#10;   &gt; Failed to transform lifecycle-runtime-ktx-2.7.0.aar (androidx.lifecycle:lifecycle-runtime-ktx:2.7.0) to match attributes {artifactType=android-compiled-dependencies-resources, org.gradle.category=library, org.gradle.dependency.bundling=external, org.gradle.libraryelements=aar, org.gradle.status=release, org.gradle.usage=java-runtime}.&#10;      &gt; Execution failed for AarResourcesCompilerTransform: /data/data/com.termux/files/home/.gradle/caches/transforms-3/f769764126ebac6ff39836d27c39b4b8/transformed/lifecycle-runtime-ktx-2.7.0.&#10;         &gt; /data/data/com.termux/files/home/.gradle/caches/transforms-3/f769764126ebac6ff39836d27c39b4b8/transformed/lifecycle-runtime-ktx-2.7.0/AndroidManifest.xml&#10;   &gt; Failed to transform annotation-experimental-1.3.0.aar (androidx.annotation:annotation-experimental:1.3.0) to match attributes {artifactType=android-compiled-dependencies-resources, org.gradle.category=library, org.gradle.dependency.bundling=external, org.gradle.libraryelements=aar, org.gradle.status=release, org.gradle.usage=java-runtime}.&#10;      &gt; Execution failed for AarResourcesCompilerTransform: /data/data/com.termux/files/home/.gradle/caches/transforms-3/9137f425e0d229d76dbde73e9478a897/transformed/annotation-experimental-1.3.0.&#10;         &gt; /data/data/com.termux/files/home/.gradle/caches/transforms-3/9137f425e0d229d76dbde73e9478a897/transformed/annotation-experimental-1.3.0/AndroidManifest.xml&#10;   &gt; Failed to transform interpolator-1.0.0.aar (androidx.interpolator:interpolator:1.0.0) to match attributes {artifactType=android-compiled-dependencies-resources, org.gradle.category=library, org.gradle.libraryelements=jar, org.gradle.status=release, org.gradle.usage=java-runtime}.&#10;      &gt; Execution failed for AarResourcesCompilerTransform: /data/data/com.termux/files/home/.gradle/caches/transforms-3/ef1baa14e828e085111feafdfbd560c4/transformed/interpolator-1.0.0.&#10;         &gt; /data/data/com.termux/files/home/.gradle/caches/transforms-3/ef1baa14e828e085111feafdfbd560c4/transformed/interpolator-1.0.0/AndroidManifest.xml&#10;   &gt; Failed to transform interpolator-1.0.0.aar (androidx.interpolator:interpolator:1.0.0) to match attributes {artifactType=android-compiled-dependencies-resources, org.gradle.status=release}.&#10;      &gt; Execution failed for AarResourcesCompilerTransform: /data/data/com.termux/files/home/.gradle/caches/transforms-3/ef1baa14e828e085111feafdfbd560c4/transformed/interpolator-1.0.0.&#10;         &gt; /data/data/com.termux/files/home/.gradle/caches/transforms-3/ef1baa14e828e085111feafdfbd560c4/transformed/interpolator-1.0.0/AndroidManifest.xml&#10;   &gt; Failed to transform interpolator-1.0.0.aar (androidx.interpolator:interpolator:1.0.0) to match attributes {artifactType=android-compiled-dependencies-resources, org.gradle.status=release}.&#10;      &gt; Execution failed for AarResourcesCompilerTransform: /data/data/com.termux/files/home/.gradle/caches/transforms-3/ef1baa14e828e085111feafdfbd560c4/transformed/interpolator-1.0.0.&#10;         &gt; /data/data/com.termux/files/home/.gradle/caches/transforms-3/ef1baa14e828e085111feafdfbd560c4/transformed/interpolator-1.0.0/AndroidManifest.xml&#10;   &gt; Failed to transform versionedparcelable-1.1.1.aar (androidx.versionedparcelable:versionedparcelable:1.1.1) to match attributes {artifactType=android-compiled-dependencies-resources, org.gradle.category=library, org.gradle.libraryelements=jar, org.gradle.status=release, org.gradle.usage=java-runtime}.&#10;      &gt; Execution failed for AarResourcesCompilerTransform: /data/data/com.termux/files/home/.gradle/caches/transforms-3/fc9d2efdb71a5e3f79279ffaf113d6fd/transformed/versionedparcelable-1.1.1.&#10;         &gt; /data/data/com.termux/files/home/.gradle/caches/transforms-3/fc9d2efdb71a5e3f79279ffaf113d6fd/transformed/versionedparcelable-1.1.1/AndroidManifest.xml&#10;   &gt; Failed to transform core-runtime-2.2.0.aar (androidx.arch.core:core-runtime:2.2.0) to match attributes {artifactType=android-compiled-dependencies-resources, org.gradle.category=library, org.gradle.dependency.bundling=external, org.gradle.libraryelements=aar, org.gradle.status=release, org.gradle.usage=java-runtime}.&#10;      &gt; Execution failed for AarResourcesCompilerTransform: /data/data/com.termux/files/home/.gradle/caches/transforms-3/0b5cf3a46ec9b2d479b8606aca1c07ad/transformed/core-runtime-2.2.0.&#10;         &gt; /data/data/com.termux/files/home/.gradle/caches/transforms-3/0b5cf3a46ec9b2d479b8606aca1c07ad/transformed/core-runtime-2.2.0/AndroidManifest.xml&#10;   &gt; Failed to transform profileinstaller-1.3.0.aar (androidx.profileinstaller:profileinstaller:1.3.0) to match attributes {artifactType=android-compiled-dependencies-resources, org.gradle.category=library, org.gradle.dependency.bundling=external, org.gradle.libraryelements=aar, org.gradle.status=release, org.gradle.usage=java-runtime}.&#10;      &gt; Execution failed for AarResourcesCompilerTransform: /data/data/com.termux/files/home/.gradle/caches/transforms-3/d6197e74da44784ac71fa8752a7f0aa1/transformed/profileinstaller-1.3.0.&#10;         &gt; /data/data/com.termux/files/home/.gradle/caches/transforms-3/d6197e74da44784ac71fa8752a7f0aa1/transformed/profileinstaller-1.3.0/AndroidManifest.xml&#10;   &gt; Failed to transform firebase-components-17.1.5.aar (com.google.firebase:firebase-components:17.1.5) to match attributes {artifactType=android-compiled-dependencies-resources, org.gradle.status=release}.&#10;      &gt; Execution failed for AarResourcesCompilerTransform: /data/data/com.termux/files/home/.gradle/caches/transforms-3/a6d483bba82c0874a7c125f4e40ac688/transformed/firebase-components-17.1.5.&#10;         &gt; /data/data/com.termux/files/home/.gradle/caches/transforms-3/a6d483bba82c0874a7c125f4e40ac688/transformed/firebase-components-17.1.5/AndroidManifest.xml&#10;   &gt; Failed to transform firebase-components-17.1.5.aar (com.google.firebase:firebase-components:17.1.5) to match attributes {artifactType=android-compiled-dependencies-resources, org.gradle.status=release}.&#10;      &gt; Execution failed for AarResourcesCompilerTransform: /data/data/com.termux/files/home/.gradle/caches/transforms-3/a6d483bba82c0874a7c125f4e40ac688/transformed/firebase-components-17.1.5.&#10;         &gt; /data/data/com.termux/files/home/.gradle/caches/transforms-3/a6d483bba82c0874a7c125f4e40ac688/transformed/firebase-components-17.1.5/AndroidManifest.xml&#10;   &gt; Failed to transform firebase-components-17.1.5.aar (com.google.firebase:firebase-components:17.1.5) to match attributes {artifactType=android-compiled-dependencies-resources, org.gradle.category=library, org.gradle.libraryelements=jar, org.gradle.status=release, org.gradle.usage=java-runtime}.&#10;      &gt; Execution failed for AarResourcesCompilerTransform: /data/data/com.termux/files/home/.gradle/caches/transforms-3/a6d483bba82c0874a7c125f4e40ac688/transformed/firebase-components-17.1.5.&#10;         &gt; /data/data/com.termux/files/home/.gradle/caches/transforms-3/a6d483bba82c0874a7c125f4e40ac688/transformed/firebase-components-17.1.5/AndroidManifest.xml&#10;   &gt; Failed to transform firebase-components-17.1.5.aar (com.google.firebase:firebase-components:17.1.5) to match attributes {artifactType=android-compiled-dependencies-resources, org.gradle.status=release}.&#10;      &gt; Execution failed for AarResourcesCompilerTransform: /data/data/com.termux/files/home/.gradle/caches/transforms-3/a6d483bba82c0874a7c125f4e40ac688/transformed/firebase-components-17.1.5.&#10;         &gt; /data/data/com.termux/files/home/.gradle/caches/transforms-3/a6d483bba82c0874a7c125f4e40ac688/transformed/firebase-components-17.1.5/AndroidManifest.xml&#10;   &gt; Failed to transform startup-runtime-1.1.1.aar (androidx.startup:startup-runtime:1.1.1) to match attributes {artifactType=android-compiled-dependencies-resources, org.gradle.category=library, org.gradle.dependency.bundling=external, org.gradle.libraryelements=aar, org.gradle.status=release, org.gradle.usage=java-runtime}.&#10;      &gt; Execution failed for AarResourcesCompilerTransform: /data/data/com.termux/files/home/.gradle/caches/transforms-3/07082f74c30a1d68c314e330045dce35/transformed/startup-runtime-1.1.1.&#10;         &gt; /data/data/com.termux/files/home/.gradle/caches/transforms-3/07082f74c30a1d68c314e330045dce35/transformed/startup-runtime-1.1.1/AndroidManifest.xml&#10;   &gt; Failed to transform tracing-1.0.0.aar (androidx.tracing:tracing:1.0.0) to match attributes {artifactType=android-compiled-dependencies-resources, org.gradle.category=library, org.gradle.dependency.bundling=external, org.gradle.libraryelements=aar, org.gradle.status=release, org.gradle.usage=java-runtime}.&#10;      &gt; Execution failed for AarResourcesCompilerTransform: /data/data/com.termux/files/home/.gradle/caches/transforms-3/1c8d0d8e96a1c06e7c97785c9c088521/transformed/tracing-1.0.0.&#10;         &gt; /data/data/com.termux/files/home/.gradle/caches/transforms-3/1c8d0d8e96a1c06e7c97785c9c088521/transformed/tracing-1.0.0/AndroidManifest.xml&#10;   &gt; Failed to transform documentfile-1.0.0.aar (androidx.documentfile:documentfile:1.0.0) to match attributes {artifactType=android-compiled-dependencies-resources, org.gradle.status=release}.&#10;      &gt; Execution failed for AarResourcesCompilerTransform: /data/data/com.termux/files/home/.gradle/caches/transforms-3/d3669bdf75d4d348a470ce4b31366d53/transformed/documentfile-1.0.0.&#10;         &gt; /data/data/com.termux/files/home/.gradle/caches/transforms-3/d3669bdf75d4d348a470ce4b31366d53/transformed/documentfile-1.0.0/AndroidManifest.xml&#10;   &gt; Failed to transform localbroadcastmanager-1.0.0.aar (androidx.localbroadcastmanager:localbroadcastmanager:1.0.0) to match attributes {artifactType=android-compiled-dependencies-resources, org.gradle.status=release}.&#10;      &gt; Execution failed for AarResourcesCompilerTransform: /data/data/com.termux/files/home/.gradle/caches/transforms-3/61bbebf2696316df337cc35d6a5460dd/transformed/localbroadcastmanager-1.0.0.&#10;         &gt; /data/data/com.termux/files/home/.gradle/caches/transforms-3/61bbebf2696316df337cc35d6a5460dd/transformed/localbroadcastmanager-1.0.0/AndroidManifest.xml&#10;   &gt; Failed to transform print-1.0.0.aar (androidx.print:print:1.0.0) to match attributes {artifactType=android-compiled-dependencies-resources, org.gradle.status=release}.&#10;      &gt; Execution failed for AarResourcesCompilerTransform: /data/data/com.termux/files/home/.gradle/caches/transforms-3/9b477bc7674192452bac6e70586861e6/transformed/print-1.0.0.&#10;         &gt; /data/data/com.termux/files/home/.gradle/caches/transforms-3/9b477bc7674192452bac6e70586861e6/transformed/print-1.0.0/AndroidManifest.xml&#10;   &gt; Failed to transform cursoradapter-1.0.0.aar (androidx.cursoradapter:cursoradapter:1.0.0) to match attributes {artifactType=android-compiled-dependencies-resources, org.gradle.status=release}.&#10;      &gt; Execution failed for AarResourcesCompilerTransform: /data/data/com.termux/files/home/.gradle/caches/transforms-3/ab3209fa5411074ffc7c1c341b063735/transformed/cursoradapter-1.0.0.&#10;         &gt; /data/data/com.termux/files/home/.gradle/caches/transforms-3/ab3209fa5411074ffc7c1c341b063735/transformed/cursoradapter-1.0.0/AndroidManifest.xml&#10;&#10;* Try:&#10;&gt; Run with --stacktrace option to get the stack trace.&#10;&gt; Run with --info or --debug option to get more log output.&#10;&gt; Run with --scan to get full insights.&#10;&gt; Get more help at https://help.gradle.org.&#10;&#10;BUILD FAILED in 10s&#10;27 actionable tasks: 26 executed, 1 up-to-date&#10;" />
        
      </testcase>
    
  </testsuite>
</testsuites>
